<?xml version="1.0" encoding="UTF-8"?>
<!-- Generated by org.testng.reporters.JUnitXMLReporter -->
<testsuite ignored="0" hostname="Hp" failures="0" tests="12" name="Default test" time="54.329" errors="0" timestamp="2025-08-29T12:16:53 IST">
  <testcase classname="tests.LoginTest" name="testLogin" time="2.571"/>
  <testcase classname="tests.LoginTest" name="testLogin" time="2.411"/>
  <testcase classname="tests.LoginTest" name="testLogin" time="2.42"/>
  <testcase classname="tests.LoginTest" name="testLogin" time="7.456"/>
  <testcase classname="tests.LoginTest" name="testLogin" time="2.551"/>
  <testcase classname="tests.LoginTest" name="testLogin" time="2.633"/>
  <testcase classname="tests.LoginTest" name="testLogin" time="2.556"/>
  <testcase classname="tests.LoginTest" name="testLogin" time="2.561"/>
  <testcase classname="tests.LoginTest" name="testLogin" time="2.578"/>
  <testcase classname="tests.LoginTest" name="testLogin" time="2.511"/>
  <testcase classname="tests.LoginTest" name="testLogin" time="2.59"/>
  <testcase classname="tests.LogoutTest" name="testLogout" time="1.405"/>
</testsuite> <!-- Default test -->
