<?xml version="1.0" encoding="UTF-8"?>
<!-- Generated by org.testng.reporters.JUnitXMLReporter -->
<testsuite ignored="0" hostname="Hp" failures="0" tests="23" name="All Tests" time="145.904" errors="0" timestamp="2025-09-06T11:03:38 IST">
  <testcase classname="testcases.AddToCartTest" name="testAddToCart" time="12.909"/>
  <testcase classname="testcases.AllItemsTest" name="verifyAllItemsClickable" time="2.666"/>
  <testcase classname="testcases.CartTest" name="testAddAndRemoveFromCart" time="8.859"/>
  <testcase classname="testcases.CheckoutTest" name="verifyCheckoutFlow" time="4.685"/>
  <testcase classname="testcases.LoginTest" name="testEmptyPassword" time="1.627"/>
  <testcase classname="testcases.LoginTest" name="testEmptyUsername" time="1.599"/>
  <testcase classname="testcases.LoginTest" name="testEmptyUsernameAndPassword" time="1.48"/>
  <testcase classname="testcases.LoginTest" name="testErrorUser" time="1.722"/>
  <testcase classname="testcases.LoginTest" name="testInvalidPassword" time="1.681"/>
  <testcase classname="testcases.LoginTest" name="testInvalidUsername" time="1.745"/>
  <testcase classname="testcases.LoginTest" name="testLockedOutUser" time="1.517"/>
  <testcase classname="testcases.LoginTest" name="testPerformanceGlitchUser" time="6.627"/>
  <testcase classname="testcases.LoginTest" name="testProblemUser" time="1.41"/>
  <testcase classname="testcases.LoginTest" name="testValidLogin" time="1.457"/>
  <testcase classname="testcases.LoginTest" name="testVisualUser" time="1.433"/>
  <testcase classname="testcases.LogoutTest" name="testLogout" time="2.915"/>
  <testcase classname="testcases.MenuNavigationTest" name="verifyMenuButtonClickable" time="2.339"/>
  <testcase classname="testcases.MenuOptionsTest" name="verifyAboutLink" time="8.191"/>
  <testcase classname="testcases.MenuOptionsTest" name="verifyResetAppState" time="2.628"/>
  <testcase classname="testcases.SortingTest" name="verifySortByNameAscending" time="2.369"/>
  <testcase classname="testcases.SortingTest" name="verifySortByNameDescending" time="2.409"/>
  <testcase classname="testcases.SortingTest" name="verifySortByPriceHighToLow" time="2.433"/>
  <testcase classname="testcases.SortingTest" name="verifySortByPriceLowToHigh" time="2.458"/>
</testsuite> <!-- All Tests -->
