<?xml version="1.0" encoding="UTF-8"?>
<!-- Generated by org.testng.reporters.JUnitXMLReporter -->
<testsuite ignored="0" hostname="Hp" failures="0" tests="23" name="All Tests" time="113.634" errors="0" timestamp="2025-09-06T16:49:04 IST">
  <testcase classname="testcases.AddToCartTest" name="testAddToCart" time="12.588"/>
  <testcase classname="testcases.AllItemsTest" name="verifyAllItemsClickable" time="2.448"/>
  <testcase classname="testcases.CartTest" name="testAddAndRemoveFromCart" time="8.197"/>
  <testcase classname="testcases.CheckoutTest" name="verifyCheckoutFlow" time="3.594"/>
  <testcase classname="testcases.LoginTest" name="testEmptyPassword" time="1.242"/>
  <testcase classname="testcases.LoginTest" name="testEmptyUsername" time="1.257"/>
  <testcase classname="testcases.LoginTest" name="testEmptyUsernameAndPassword" time="1.17"/>
  <testcase classname="testcases.LoginTest" name="testErrorUser" time="1.315"/>
  <testcase classname="testcases.LoginTest" name="testInvalidPassword" time="1.248"/>
  <testcase classname="testcases.LoginTest" name="testInvalidUsername" time="1.331"/>
  <testcase classname="testcases.LoginTest" name="testLockedOutUser" time="1.264"/>
  <testcase classname="testcases.LoginTest" name="testPerformanceGlitchUser" time="6.275"/>
  <testcase classname="testcases.LoginTest" name="testProblemUser" time="1.279"/>
  <testcase classname="testcases.LoginTest" name="testValidLogin" time="1.328"/>
  <testcase classname="testcases.LoginTest" name="testVisualUser" time="1.296"/>
  <testcase classname="testcases.LogoutTest" name="testLogout" time="2.656"/>
  <testcase classname="testcases.MenuNavigationTest" name="verifyMenuButtonClickable" time="2.16"/>
  <testcase classname="testcases.MenuOptionsTest" name="verifyAboutLink" time="6.803"/>
  <testcase classname="testcases.MenuOptionsTest" name="verifyResetAppState" time="2.557"/>
  <testcase classname="testcases.SortingTest" name="verifySortByNameAscending" time="2.256"/>
  <testcase classname="testcases.SortingTest" name="verifySortByNameDescending" time="2.289"/>
  <testcase classname="testcases.SortingTest" name="verifySortByPriceHighToLow" time="2.264"/>
  <testcase classname="testcases.SortingTest" name="verifySortByPriceLowToHigh" time="2.27"/>
</testsuite> <!-- All Tests -->
