<?xml version="1.0" encoding="UTF-8"?>
<!-- Generated by org.testng.reporters.JUnitXMLReporter -->
<testsuite ignored="0" hostname="Hp" failures="0" tests="23" name="All Tests" time="123.686" errors="0" timestamp="2025-09-04T14:54:40 IST">
  <testcase classname="tests.AddToCartTest" name="testAddToCart" time="11.93"/>
  <testcase classname="tests.AllItemsTest" name="verifyAllItemsClickable" time="2.415"/>
  <testcase classname="tests.CartTest" name="testAddAndRemoveFromCart" time="8.245"/>
  <testcase classname="tests.CheckoutTest" name="verifyCheckoutFlow" time="3.545"/>
  <testcase classname="tests.LoginTest" name="testLogin" time="1.314"/>
  <testcase classname="tests.LoginTest" name="testLogin" time="1.331"/>
  <testcase classname="tests.LoginTest" name="testLogin" time="1.448"/>
  <testcase classname="tests.LoginTest" name="testLogin" time="6.444"/>
  <testcase classname="tests.LoginTest" name="testLogin" time="1.896"/>
  <testcase classname="tests.LoginTest" name="testLogin" time="2.08"/>
  <testcase classname="tests.LoginTest" name="testLogin" time="1.425"/>
  <testcase classname="tests.LoginTest" name="testLogin" time="1.404"/>
  <testcase classname="tests.LoginTest" name="testLogin" time="1.305"/>
  <testcase classname="tests.LoginTest" name="testLogin" time="1.338"/>
  <testcase classname="tests.LoginTest" name="testLogin" time="1.281"/>
  <testcase classname="tests.LogoutTest" name="testLogout" time="2.663"/>
  <testcase classname="tests.MenuNavigationTest" name="verifyMenuButtonClickable" time="2.195"/>
  <testcase classname="tests.MenuOptionsTest" name="verifyAboutLink" time="6.938"/>
  <testcase classname="tests.MenuOptionsTest" name="verifyResetAppState" time="2.499"/>
  <testcase classname="tests.SortingTest" name="verifySortByNameAscending" time="2.288"/>
  <testcase classname="tests.SortingTest" name="verifySortByNameDescending" time="2.435"/>
  <testcase classname="tests.SortingTest" name="verifySortByPriceHighToLow" time="2.236"/>
  <testcase classname="tests.SortingTest" name="verifySortByPriceLowToHigh" time="2.308"/>
</testsuite> <!-- All Tests -->
