<?xml version="1.0" encoding="UTF-8"?>
<testng-results ignored="0" total="24" passed="24" failed="0" skipped="0">
  <reporter-output>
  </reporter-output>
  <suite started-at="2025-09-06T16:47:10 IST" name="capstone-automation-suite" finished-at="2025-09-06T16:49:04 IST" duration-ms="114176">
    <groups>
      <group name="cucumber">
        <method signature="AbstractTestNGCucumberTests.runScenario(io.cucumber.testng.PickleWrapper,io.cucumber.testng.FeatureWrapper)[pri:0, instance:runners.TestRunner@1356d4d4]" name="runScenario" class="io.cucumber.testng.AbstractTestNGCucumberTests"/>
      </group> <!-- cucumber -->
    </groups>
    <test started-at="2025-09-06T16:47:10 IST" name="All Tests" finished-at="2025-09-06T16:49:04 IST" duration-ms="113634">
      <class name="testcases.LogoutTest">
        <test-method is-config="true" signature="setUp()[pri:0, instance:testcases.LogoutTest@d35dea7]" started-at="2025-09-06T16:48:21 IST" name="setUp" finished-at="2025-09-06T16:48:23 IST" duration-ms="1665" status="PASS">
          <reporter-output>
          </reporter-output>
        </test-method> <!-- setUp -->
        <test-method signature="testLogout()[pri:0, instance:testcases.LogoutTest@d35dea7]" started-at="2025-09-06T16:48:23 IST" name="testLogout" finished-at="2025-09-06T16:48:26 IST" duration-ms="2656" status="PASS">
          <reporter-output>
          </reporter-output>
        </test-method> <!-- testLogout -->
        <test-method is-config="true" signature="tearDown()[pri:0, instance:testcases.LogoutTest@d35dea7]" started-at="2025-09-06T16:48:26 IST" name="tearDown" finished-at="2025-09-06T16:48:26 IST" duration-ms="183" status="PASS">
          <reporter-output>
          </reporter-output>
        </test-method> <!-- tearDown -->
      </class> <!-- testcases.LogoutTest -->
      <class name="testcases.CartTest">
        <test-method is-config="true" signature="setUp()[pri:0, instance:testcases.CartTest@3bd82cf5]" started-at="2025-09-06T16:47:30 IST" name="setUp" finished-at="2025-09-06T16:47:31 IST" duration-ms="1354" status="PASS">
          <reporter-output>
          </reporter-output>
        </test-method> <!-- setUp -->
        <test-method signature="testAddAndRemoveFromCart()[pri:0, instance:testcases.CartTest@3bd82cf5]" started-at="2025-09-06T16:47:31 IST" name="testAddAndRemoveFromCart" finished-at="2025-09-06T16:47:39 IST" duration-ms="8197" status="PASS">
          <reporter-output>
          </reporter-output>
        </test-method> <!-- testAddAndRemoveFromCart -->
        <test-method is-config="true" signature="tearDown()[pri:0, instance:testcases.CartTest@3bd82cf5]" started-at="2025-09-06T16:47:39 IST" name="tearDown" finished-at="2025-09-06T16:47:40 IST" duration-ms="188" status="PASS">
          <reporter-output>
          </reporter-output>
        </test-method> <!-- tearDown -->
      </class> <!-- testcases.CartTest -->
      <class name="testcases.MenuNavigationTest">
        <test-method is-config="true" signature="setUp()[pri:0, instance:testcases.MenuNavigationTest@7770f470]" started-at="2025-09-06T16:48:26 IST" name="setUp" finished-at="2025-09-06T16:48:27 IST" duration-ms="1424" status="PASS">
          <reporter-output>
          </reporter-output>
        </test-method> <!-- setUp -->
        <test-method signature="verifyMenuButtonClickable()[pri:0, instance:testcases.MenuNavigationTest@7770f470]" started-at="2025-09-06T16:48:27 IST" name="verifyMenuButtonClickable" finished-at="2025-09-06T16:48:30 IST" duration-ms="2160" status="PASS">
          <reporter-output>
          </reporter-output>
        </test-method> <!-- verifyMenuButtonClickable -->
        <test-method is-config="true" signature="tearDown()[pri:0, instance:testcases.MenuNavigationTest@7770f470]" started-at="2025-09-06T16:48:30 IST" name="tearDown" finished-at="2025-09-06T16:48:30 IST" duration-ms="188" status="PASS">
          <reporter-output>
          </reporter-output>
        </test-method> <!-- tearDown -->
      </class> <!-- testcases.MenuNavigationTest -->
      <class name="testcases.CheckoutTest">
        <test-method is-config="true" signature="setUp()[pri:0, instance:testcases.CheckoutTest@544fa968]" started-at="2025-09-06T16:47:40 IST" name="setUp" finished-at="2025-09-06T16:47:41 IST" duration-ms="1405" status="PASS">
          <reporter-output>
          </reporter-output>
        </test-method> <!-- setUp -->
        <test-method signature="verifyCheckoutFlow()[pri:0, instance:testcases.CheckoutTest@544fa968]" started-at="2025-09-06T16:47:41 IST" name="verifyCheckoutFlow" finished-at="2025-09-06T16:47:45 IST" duration-ms="3594" status="PASS">
          <reporter-output>
          </reporter-output>
        </test-method> <!-- verifyCheckoutFlow -->
        <test-method is-config="true" signature="tearDown()[pri:0, instance:testcases.CheckoutTest@544fa968]" started-at="2025-09-06T16:47:45 IST" name="tearDown" finished-at="2025-09-06T16:47:45 IST" duration-ms="179" status="PASS">
          <reporter-output>
          </reporter-output>
        </test-method> <!-- tearDown -->
      </class> <!-- testcases.CheckoutTest -->
      <class name="testcases.AllItemsTest">
        <test-method is-config="true" signature="setUp()[pri:0, instance:testcases.AllItemsTest@fa4c865]" started-at="2025-09-06T16:47:26 IST" name="setUp" finished-at="2025-09-06T16:47:27 IST" duration-ms="1488" status="PASS">
          <reporter-output>
          </reporter-output>
        </test-method> <!-- setUp -->
        <test-method signature="verifyAllItemsClickable()[pri:0, instance:testcases.AllItemsTest@fa4c865]" started-at="2025-09-06T16:47:27 IST" name="verifyAllItemsClickable" finished-at="2025-09-06T16:47:30 IST" duration-ms="2448" status="PASS">
          <reporter-output>
          </reporter-output>
        </test-method> <!-- verifyAllItemsClickable -->
        <test-method is-config="true" signature="tearDown()[pri:0, instance:testcases.AllItemsTest@fa4c865]" started-at="2025-09-06T16:47:30 IST" name="tearDown" finished-at="2025-09-06T16:47:30 IST" duration-ms="195" status="PASS">
          <reporter-output>
          </reporter-output>
        </test-method> <!-- tearDown -->
      </class> <!-- testcases.AllItemsTest -->
      <class name="testcases.SortingTest">
        <test-method is-config="true" signature="setUp()[pri:0, instance:testcases.SortingTest@24313fcc]" started-at="2025-09-06T16:48:43 IST" name="setUp" finished-at="2025-09-06T16:48:45 IST" duration-ms="1598" status="PASS">
          <reporter-output>
          </reporter-output>
        </test-method> <!-- setUp -->
        <test-method is-config="true" signature="setupTest()[pri:0, instance:testcases.SortingTest@24313fcc]" started-at="2025-09-06T16:48:45 IST" name="setupTest" finished-at="2025-09-06T16:48:46 IST" duration-ms="1295" status="PASS">
          <reporter-output>
          </reporter-output>
        </test-method> <!-- setupTest -->
        <test-method signature="verifySortByNameAscending()[pri:0, instance:testcases.SortingTest@24313fcc]" started-at="2025-09-06T16:48:46 IST" name="verifySortByNameAscending" finished-at="2025-09-06T16:48:48 IST" duration-ms="2256" status="PASS">
          <reporter-output>
          </reporter-output>
        </test-method> <!-- verifySortByNameAscending -->
        <test-method is-config="true" signature="tearDown()[pri:0, instance:testcases.SortingTest@24313fcc]" started-at="2025-09-06T16:48:48 IST" name="tearDown" finished-at="2025-09-06T16:48:48 IST" duration-ms="188" status="PASS">
          <reporter-output>
          </reporter-output>
        </test-method> <!-- tearDown -->
        <test-method is-config="true" signature="setUp()[pri:0, instance:testcases.SortingTest@24313fcc]" started-at="2025-09-06T16:48:48 IST" name="setUp" finished-at="2025-09-06T16:48:50 IST" duration-ms="1360" status="PASS">
          <reporter-output>
          </reporter-output>
        </test-method> <!-- setUp -->
        <test-method is-config="true" signature="setupTest()[pri:0, instance:testcases.SortingTest@24313fcc]" started-at="2025-09-06T16:48:50 IST" name="setupTest" finished-at="2025-09-06T16:48:51 IST" duration-ms="1242" status="PASS">
          <reporter-output>
          </reporter-output>
        </test-method> <!-- setupTest -->
        <test-method signature="verifySortByNameDescending()[pri:0, instance:testcases.SortingTest@24313fcc]" started-at="2025-09-06T16:48:51 IST" name="verifySortByNameDescending" finished-at="2025-09-06T16:48:53 IST" duration-ms="2289" status="PASS">
          <reporter-output>
          </reporter-output>
        </test-method> <!-- verifySortByNameDescending -->
        <test-method is-config="true" signature="tearDown()[pri:0, instance:testcases.SortingTest@24313fcc]" started-at="2025-09-06T16:48:53 IST" name="tearDown" finished-at="2025-09-06T16:48:54 IST" duration-ms="172" status="PASS">
          <reporter-output>
          </reporter-output>
        </test-method> <!-- tearDown -->
        <test-method is-config="true" signature="setUp()[pri:0, instance:testcases.SortingTest@24313fcc]" started-at="2025-09-06T16:48:54 IST" name="setUp" finished-at="2025-09-06T16:48:55 IST" duration-ms="1376" status="PASS">
          <reporter-output>
          </reporter-output>
        </test-method> <!-- setUp -->
        <test-method is-config="true" signature="setupTest()[pri:0, instance:testcases.SortingTest@24313fcc]" started-at="2025-09-06T16:48:55 IST" name="setupTest" finished-at="2025-09-06T16:48:56 IST" duration-ms="1332" status="PASS">
          <reporter-output>
          </reporter-output>
        </test-method> <!-- setupTest -->
        <test-method signature="verifySortByPriceHighToLow()[pri:0, instance:testcases.SortingTest@24313fcc]" started-at="2025-09-06T16:48:56 IST" name="verifySortByPriceHighToLow" finished-at="2025-09-06T16:48:59 IST" duration-ms="2264" status="PASS">
          <reporter-output>
          </reporter-output>
        </test-method> <!-- verifySortByPriceHighToLow -->
        <test-method is-config="true" signature="tearDown()[pri:0, instance:testcases.SortingTest@24313fcc]" started-at="2025-09-06T16:48:59 IST" name="tearDown" finished-at="2025-09-06T16:48:59 IST" duration-ms="186" status="PASS">
          <reporter-output>
          </reporter-output>
        </test-method> <!-- tearDown -->
        <test-method is-config="true" signature="setUp()[pri:0, instance:testcases.SortingTest@24313fcc]" started-at="2025-09-06T16:48:59 IST" name="setUp" finished-at="2025-09-06T16:49:00 IST" duration-ms="1381" status="PASS">
          <reporter-output>
          </reporter-output>
        </test-method> <!-- setUp -->
        <test-method is-config="true" signature="setupTest()[pri:0, instance:testcases.SortingTest@24313fcc]" started-at="2025-09-06T16:49:00 IST" name="setupTest" finished-at="2025-09-06T16:49:01 IST" duration-ms="1346" status="PASS">
          <reporter-output>
          </reporter-output>
        </test-method> <!-- setupTest -->
        <test-method signature="verifySortByPriceLowToHigh()[pri:0, instance:testcases.SortingTest@24313fcc]" started-at="2025-09-06T16:49:01 IST" name="verifySortByPriceLowToHigh" finished-at="2025-09-06T16:49:04 IST" duration-ms="2270" status="PASS">
          <reporter-output>
          </reporter-output>
        </test-method> <!-- verifySortByPriceLowToHigh -->
        <test-method is-config="true" signature="tearDown()[pri:0, instance:testcases.SortingTest@24313fcc]" started-at="2025-09-06T16:49:04 IST" name="tearDown" finished-at="2025-09-06T16:49:04 IST" duration-ms="153" status="PASS">
          <reporter-output>
          </reporter-output>
        </test-method> <!-- tearDown -->
      </class> <!-- testcases.SortingTest -->
      <class name="testcases.LoginTest">
        <test-method is-config="true" signature="setUp()[pri:0, instance:testcases.LoginTest@247bddad]" started-at="2025-09-06T16:47:45 IST" name="setUp" finished-at="2025-09-06T16:47:46 IST" duration-ms="1427" status="PASS">
          <reporter-output>
          </reporter-output>
        </test-method> <!-- setUp -->
        <test-method signature="testEmptyPassword()[pri:0, instance:testcases.LoginTest@247bddad]" started-at="2025-09-06T16:47:46 IST" name="testEmptyPassword" finished-at="2025-09-06T16:47:47 IST" duration-ms="1242" status="PASS">
          <reporter-output>
          </reporter-output>
        </test-method> <!-- testEmptyPassword -->
        <test-method is-config="true" signature="tearDown()[pri:0, instance:testcases.LoginTest@247bddad]" started-at="2025-09-06T16:47:47 IST" name="tearDown" finished-at="2025-09-06T16:47:48 IST" duration-ms="150" status="PASS">
          <reporter-output>
          </reporter-output>
        </test-method> <!-- tearDown -->
        <test-method is-config="true" signature="setUp()[pri:0, instance:testcases.LoginTest@247bddad]" started-at="2025-09-06T16:47:48 IST" name="setUp" finished-at="2025-09-06T16:47:49 IST" duration-ms="1357" status="PASS">
          <reporter-output>
          </reporter-output>
        </test-method> <!-- setUp -->
        <test-method signature="testEmptyUsername()[pri:0, instance:testcases.LoginTest@247bddad]" started-at="2025-09-06T16:47:49 IST" name="testEmptyUsername" finished-at="2025-09-06T16:47:50 IST" duration-ms="1257" status="PASS">
          <reporter-output>
          </reporter-output>
        </test-method> <!-- testEmptyUsername -->
        <test-method is-config="true" signature="tearDown()[pri:0, instance:testcases.LoginTest@247bddad]" started-at="2025-09-06T16:47:50 IST" name="tearDown" finished-at="2025-09-06T16:47:50 IST" duration-ms="148" status="PASS">
          <reporter-output>
          </reporter-output>
        </test-method> <!-- tearDown -->
        <test-method is-config="true" signature="setUp()[pri:0, instance:testcases.LoginTest@247bddad]" started-at="2025-09-06T16:47:50 IST" name="setUp" finished-at="2025-09-06T16:47:52 IST" duration-ms="1343" status="PASS">
          <reporter-output>
          </reporter-output>
        </test-method> <!-- setUp -->
        <test-method signature="testEmptyUsernameAndPassword()[pri:0, instance:testcases.LoginTest@247bddad]" started-at="2025-09-06T16:47:52 IST" name="testEmptyUsernameAndPassword" finished-at="2025-09-06T16:47:53 IST" duration-ms="1170" status="PASS">
          <reporter-output>
          </reporter-output>
        </test-method> <!-- testEmptyUsernameAndPassword -->
        <test-method is-config="true" signature="tearDown()[pri:0, instance:testcases.LoginTest@247bddad]" started-at="2025-09-06T16:47:53 IST" name="tearDown" finished-at="2025-09-06T16:47:53 IST" duration-ms="164" status="PASS">
          <reporter-output>
          </reporter-output>
        </test-method> <!-- tearDown -->
        <test-method is-config="true" signature="setUp()[pri:0, instance:testcases.LoginTest@247bddad]" started-at="2025-09-06T16:47:53 IST" name="setUp" finished-at="2025-09-06T16:47:55 IST" duration-ms="1449" status="PASS">
          <reporter-output>
          </reporter-output>
        </test-method> <!-- setUp -->
        <test-method signature="testErrorUser()[pri:0, instance:testcases.LoginTest@247bddad]" started-at="2025-09-06T16:47:55 IST" name="testErrorUser" finished-at="2025-09-06T16:47:56 IST" duration-ms="1315" status="PASS">
          <reporter-output>
          </reporter-output>
        </test-method> <!-- testErrorUser -->
        <test-method is-config="true" signature="tearDown()[pri:0, instance:testcases.LoginTest@247bddad]" started-at="2025-09-06T16:47:56 IST" name="tearDown" finished-at="2025-09-06T16:47:56 IST" duration-ms="212" status="PASS">
          <reporter-output>
          </reporter-output>
        </test-method> <!-- tearDown -->
        <test-method is-config="true" signature="setUp()[pri:0, instance:testcases.LoginTest@247bddad]" started-at="2025-09-06T16:47:56 IST" name="setUp" finished-at="2025-09-06T16:47:57 IST" duration-ms="1385" status="PASS">
          <reporter-output>
          </reporter-output>
        </test-method> <!-- setUp -->
        <test-method signature="testInvalidPassword()[pri:0, instance:testcases.LoginTest@247bddad]" started-at="2025-09-06T16:47:57 IST" name="testInvalidPassword" finished-at="2025-09-06T16:47:59 IST" duration-ms="1248" status="PASS">
          <reporter-output>
          </reporter-output>
        </test-method> <!-- testInvalidPassword -->
        <test-method is-config="true" signature="tearDown()[pri:0, instance:testcases.LoginTest@247bddad]" started-at="2025-09-06T16:47:59 IST" name="tearDown" finished-at="2025-09-06T16:47:59 IST" duration-ms="149" status="PASS">
          <reporter-output>
          </reporter-output>
        </test-method> <!-- tearDown -->
        <test-method is-config="true" signature="setUp()[pri:0, instance:testcases.LoginTest@247bddad]" started-at="2025-09-06T16:47:59 IST" name="setUp" finished-at="2025-09-06T16:48:00 IST" duration-ms="1415" status="PASS">
          <reporter-output>
          </reporter-output>
        </test-method> <!-- setUp -->
        <test-method signature="testInvalidUsername()[pri:0, instance:testcases.LoginTest@247bddad]" started-at="2025-09-06T16:48:00 IST" name="testInvalidUsername" finished-at="2025-09-06T16:48:02 IST" duration-ms="1331" status="PASS">
          <reporter-output>
          </reporter-output>
        </test-method> <!-- testInvalidUsername -->
        <test-method is-config="true" signature="tearDown()[pri:0, instance:testcases.LoginTest@247bddad]" started-at="2025-09-06T16:48:02 IST" name="tearDown" finished-at="2025-09-06T16:48:02 IST" duration-ms="174" status="PASS">
          <reporter-output>
          </reporter-output>
        </test-method> <!-- tearDown -->
        <test-method is-config="true" signature="setUp()[pri:0, instance:testcases.LoginTest@247bddad]" started-at="2025-09-06T16:48:02 IST" name="setUp" finished-at="2025-09-06T16:48:03 IST" duration-ms="1441" status="PASS">
          <reporter-output>
          </reporter-output>
        </test-method> <!-- setUp -->
        <test-method signature="testLockedOutUser()[pri:0, instance:testcases.LoginTest@247bddad]" started-at="2025-09-06T16:48:03 IST" name="testLockedOutUser" finished-at="2025-09-06T16:48:04 IST" duration-ms="1264" status="PASS">
          <reporter-output>
          </reporter-output>
        </test-method> <!-- testLockedOutUser -->
        <test-method is-config="true" signature="tearDown()[pri:0, instance:testcases.LoginTest@247bddad]" started-at="2025-09-06T16:48:04 IST" name="tearDown" finished-at="2025-09-06T16:48:05 IST" duration-ms="144" status="PASS">
          <reporter-output>
          </reporter-output>
        </test-method> <!-- tearDown -->
        <test-method is-config="true" signature="setUp()[pri:0, instance:testcases.LoginTest@247bddad]" started-at="2025-09-06T16:48:05 IST" name="setUp" finished-at="2025-09-06T16:48:06 IST" duration-ms="1344" status="PASS">
          <reporter-output>
          </reporter-output>
        </test-method> <!-- setUp -->
        <test-method signature="testPerformanceGlitchUser()[pri:0, instance:testcases.LoginTest@247bddad]" started-at="2025-09-06T16:48:06 IST" name="testPerformanceGlitchUser" finished-at="2025-09-06T16:48:12 IST" duration-ms="6275" status="PASS">
          <reporter-output>
          </reporter-output>
        </test-method> <!-- testPerformanceGlitchUser -->
        <test-method is-config="true" signature="tearDown()[pri:0, instance:testcases.LoginTest@247bddad]" started-at="2025-09-06T16:48:12 IST" name="tearDown" finished-at="2025-09-06T16:48:12 IST" duration-ms="166" status="PASS">
          <reporter-output>
          </reporter-output>
        </test-method> <!-- tearDown -->
        <test-method is-config="true" signature="setUp()[pri:0, instance:testcases.LoginTest@247bddad]" started-at="2025-09-06T16:48:12 IST" name="setUp" finished-at="2025-09-06T16:48:14 IST" duration-ms="1535" status="PASS">
          <reporter-output>
          </reporter-output>
        </test-method> <!-- setUp -->
        <test-method signature="testProblemUser()[pri:0, instance:testcases.LoginTest@247bddad]" started-at="2025-09-06T16:48:14 IST" name="testProblemUser" finished-at="2025-09-06T16:48:15 IST" duration-ms="1279" status="PASS">
          <reporter-output>
          </reporter-output>
        </test-method> <!-- testProblemUser -->
        <test-method is-config="true" signature="tearDown()[pri:0, instance:testcases.LoginTest@247bddad]" started-at="2025-09-06T16:48:15 IST" name="tearDown" finished-at="2025-09-06T16:48:15 IST" duration-ms="172" status="PASS">
          <reporter-output>
          </reporter-output>
        </test-method> <!-- tearDown -->
        <test-method is-config="true" signature="setUp()[pri:0, instance:testcases.LoginTest@247bddad]" started-at="2025-09-06T16:48:15 IST" name="setUp" finished-at="2025-09-06T16:48:17 IST" duration-ms="1551" status="PASS">
          <reporter-output>
          </reporter-output>
        </test-method> <!-- setUp -->
        <test-method signature="testValidLogin()[pri:0, instance:testcases.LoginTest@247bddad]" started-at="2025-09-06T16:48:17 IST" name="testValidLogin" finished-at="2025-09-06T16:48:18 IST" duration-ms="1328" status="PASS">
          <reporter-output>
          </reporter-output>
        </test-method> <!-- testValidLogin -->
        <test-method is-config="true" signature="tearDown()[pri:0, instance:testcases.LoginTest@247bddad]" started-at="2025-09-06T16:48:18 IST" name="tearDown" finished-at="2025-09-06T16:48:18 IST" duration-ms="173" status="PASS">
          <reporter-output>
          </reporter-output>
        </test-method> <!-- tearDown -->
        <test-method is-config="true" signature="setUp()[pri:0, instance:testcases.LoginTest@247bddad]" started-at="2025-09-06T16:48:18 IST" name="setUp" finished-at="2025-09-06T16:48:20 IST" duration-ms="1550" status="PASS">
          <reporter-output>
          </reporter-output>
        </test-method> <!-- setUp -->
        <test-method signature="testVisualUser()[pri:0, instance:testcases.LoginTest@247bddad]" started-at="2025-09-06T16:48:20 IST" name="testVisualUser" finished-at="2025-09-06T16:48:21 IST" duration-ms="1296" status="PASS">
          <reporter-output>
          </reporter-output>
        </test-method> <!-- testVisualUser -->
        <test-method is-config="true" signature="tearDown()[pri:0, instance:testcases.LoginTest@247bddad]" started-at="2025-09-06T16:48:21 IST" name="tearDown" finished-at="2025-09-06T16:48:21 IST" duration-ms="173" status="PASS">
          <reporter-output>
          </reporter-output>
        </test-method> <!-- tearDown -->
      </class> <!-- testcases.LoginTest -->
      <class name="testcases.AddToCartTest">
        <test-method is-config="true" signature="setUp()[pri:0, instance:testcases.AddToCartTest@682b2fa]" started-at="2025-09-06T16:47:10 IST" name="setUp" finished-at="2025-09-06T16:47:13 IST" duration-ms="2614" status="PASS">
          <reporter-output>
          </reporter-output>
        </test-method> <!-- setUp -->
        <test-method signature="testAddToCart()[pri:0, instance:testcases.AddToCartTest@682b2fa]" started-at="2025-09-06T16:47:13 IST" name="testAddToCart" finished-at="2025-09-06T16:47:25 IST" duration-ms="12588" status="PASS">
          <reporter-output>
          </reporter-output>
        </test-method> <!-- testAddToCart -->
        <test-method is-config="true" signature="tearDown()[pri:0, instance:testcases.AddToCartTest@682b2fa]" started-at="2025-09-06T16:47:25 IST" name="tearDown" finished-at="2025-09-06T16:47:26 IST" duration-ms="261" status="PASS">
          <reporter-output>
          </reporter-output>
        </test-method> <!-- tearDown -->
      </class> <!-- testcases.AddToCartTest -->
      <class name="testcases.MenuOptionsTest">
        <test-method is-config="true" signature="setUp()[pri:0, instance:testcases.MenuOptionsTest@5e5d171f]" started-at="2025-09-06T16:48:30 IST" name="setUp" finished-at="2025-09-06T16:48:31 IST" duration-ms="1537" status="PASS">
          <reporter-output>
          </reporter-output>
        </test-method> <!-- setUp -->
        <test-method signature="verifyAboutLink()[pri:0, instance:testcases.MenuOptionsTest@5e5d171f]" started-at="2025-09-06T16:48:31 IST" name="verifyAboutLink" finished-at="2025-09-06T16:48:38 IST" duration-ms="6803" status="PASS">
          <reporter-output>
          </reporter-output>
        </test-method> <!-- verifyAboutLink -->
        <test-method is-config="true" signature="tearDown()[pri:0, instance:testcases.MenuOptionsTest@5e5d171f]" started-at="2025-09-06T16:48:38 IST" name="tearDown" finished-at="2025-09-06T16:48:38 IST" duration-ms="354" status="PASS">
          <reporter-output>
          </reporter-output>
        </test-method> <!-- tearDown -->
        <test-method is-config="true" signature="setUp()[pri:0, instance:testcases.MenuOptionsTest@5e5d171f]" started-at="2025-09-06T16:48:38 IST" name="setUp" finished-at="2025-09-06T16:48:40 IST" duration-ms="1964" status="PASS">
          <reporter-output>
          </reporter-output>
        </test-method> <!-- setUp -->
        <test-method signature="verifyResetAppState()[pri:0, instance:testcases.MenuOptionsTest@5e5d171f]" started-at="2025-09-06T16:48:40 IST" name="verifyResetAppState" finished-at="2025-09-06T16:48:43 IST" duration-ms="2557" status="PASS">
          <reporter-output>
          </reporter-output>
        </test-method> <!-- verifyResetAppState -->
        <test-method is-config="true" signature="tearDown()[pri:0, instance:testcases.MenuOptionsTest@5e5d171f]" started-at="2025-09-06T16:48:43 IST" name="tearDown" finished-at="2025-09-06T16:48:43 IST" duration-ms="197" status="PASS">
          <reporter-output>
          </reporter-output>
        </test-method> <!-- tearDown -->
      </class> <!-- testcases.MenuOptionsTest -->
    </test> <!-- All Tests -->
    <test started-at="2025-09-06T16:49:04 IST" name="Cucumber Tests" finished-at="2025-09-06T16:49:04 IST" duration-ms="502">
      <class name="runners.TestRunner">
        <test-method is-config="true" signature="setUpClass(org.testng.ITestContext)[pri:0, instance:runners.TestRunner@1356d4d4]" started-at="2025-09-06T16:49:04 IST" name="setUpClass" finished-at="2025-09-06T16:49:04 IST" duration-ms="424" status="PASS">
          <params>
            <param index="0">
              <value>
                <![CDATA[org.testng.TestRunner@752180c4]]>
              </value>
            </param>
          </params>
          <reporter-output>
          </reporter-output>
        </test-method> <!-- setUpClass -->
        <test-method signature="runScenario(io.cucumber.testng.PickleWrapper,io.cucumber.testng.FeatureWrapper)[pri:0, instance:runners.TestRunner@1356d4d4]" started-at="2025-09-06T16:49:04 IST" name="runScenario" description="Runs Cucumber Scenarios" data-provider="scenarios" finished-at="2025-09-06T16:49:04 IST" duration-ms="59" status="PASS">
          <params>
            <param index="0">
              <value>
                <![CDATA["Successful login with valid credentials"]]>
              </value>
            </param>
            <param index="1">
              <value>
                <![CDATA["Login functionality"]]>
              </value>
            </param>
          </params>
          <reporter-output>
          </reporter-output>
        </test-method> <!-- runScenario -->
        <test-method is-config="true" signature="tearDownClass()[pri:0, instance:runners.TestRunner@1356d4d4]" started-at="2025-09-06T16:49:04 IST" name="tearDownClass" finished-at="2025-09-06T16:49:04 IST" duration-ms="13" status="PASS">
          <reporter-output>
          </reporter-output>
        </test-method> <!-- tearDownClass -->
      </class> <!-- runners.TestRunner -->
    </test> <!-- Cucumber Tests -->
  </suite> <!-- capstone-automation-suite -->
</testng-results>
